[11-Sep-2017 05:34:02 UTC] PHP Warning:  mysqli_connect(): (HY000/1045): Access denied for user ''@'localhost' (using password: NO) in /home/ubuntu/workspace/classes/database.php on line 8
[11-Sep-2017 05:34:02 UTC] PHP Stack trace:
[11-Sep-2017 05:34:02 UTC] PHP   1. {main}() /home/ubuntu/workspace/ajax/ajaxlogin.php:0
[11-Sep-2017 05:34:02 UTC] PHP   2. Account->__construct() /home/ubuntu/workspace/ajax/ajaxlogin.php:10
[11-Sep-2017 05:34:02 UTC] PHP   3. Database->__construct() /home/ubuntu/workspace/classes/account.php:6
[11-Sep-2017 05:34:02 UTC] PHP   4. mysqli_connect() /home/ubuntu/workspace/classes/database.php:8
[11-Sep-2017 05:34:02 UTC] database connection failed
[11-Sep-2017 05:34:02 UTC] PHP Fatal error:  Call to a member function prepare() on a non-object in /home/ubuntu/workspace/classes/account.php on line 75
[11-Sep-2017 05:34:02 UTC] PHP Stack trace:
[11-Sep-2017 05:34:02 UTC] PHP   1. {main}() /home/ubuntu/workspace/ajax/ajaxlogin.php:0
[11-Sep-2017 05:34:02 UTC] PHP   2. Account->authenticate() /home/ubuntu/workspace/ajax/ajaxlogin.php:11
[11-Sep-2017 05:34:04 UTC] PHP Warning:  mysqli_connect(): (HY000/1045): Access denied for user ''@'localhost' (using password: NO) in /home/ubuntu/workspace/classes/database.php on line 8
[11-Sep-2017 05:34:04 UTC] PHP Stack trace:
[11-Sep-2017 05:34:04 UTC] PHP   1. {main}() /home/ubuntu/workspace/ajax/ajaxlogin.php:0
[11-Sep-2017 05:34:04 UTC] PHP   2. Account->__construct() /home/ubuntu/workspace/ajax/ajaxlogin.php:10
[11-Sep-2017 05:34:04 UTC] PHP   3. Database->__construct() /home/ubuntu/workspace/classes/account.php:6
[11-Sep-2017 05:34:04 UTC] PHP   4. mysqli_connect() /home/ubuntu/workspace/classes/database.php:8
[11-Sep-2017 05:34:04 UTC] database connection failed
[11-Sep-2017 05:34:04 UTC] PHP Fatal error:  Call to a member function prepare() on a non-object in /home/ubuntu/workspace/classes/account.php on line 75
[11-Sep-2017 05:34:04 UTC] PHP Stack trace:
[11-Sep-2017 05:34:04 UTC] PHP   1. {main}() /home/ubuntu/workspace/ajax/ajaxlogin.php:0
[11-Sep-2017 05:34:04 UTC] PHP   2. Account->authenticate() /home/ubuntu/workspace/ajax/ajaxlogin.php:11
[11-Sep-2017 05:34:06 UTC] PHP Warning:  mysqli_connect(): (HY000/1045): Access denied for user ''@'localhost' (using password: NO) in /home/ubuntu/workspace/classes/database.php on line 8
[11-Sep-2017 05:34:06 UTC] PHP Stack trace:
[11-Sep-2017 05:34:06 UTC] PHP   1. {main}() /home/ubuntu/workspace/ajax/ajaxlogin.php:0
[11-Sep-2017 05:34:06 UTC] PHP   2. Account->__construct() /home/ubuntu/workspace/ajax/ajaxlogin.php:10
[11-Sep-2017 05:34:06 UTC] PHP   3. Database->__construct() /home/ubuntu/workspace/classes/account.php:6
[11-Sep-2017 05:34:06 UTC] PHP   4. mysqli_connect() /home/ubuntu/workspace/classes/database.php:8
[11-Sep-2017 05:34:06 UTC] database connection failed
[11-Sep-2017 05:34:06 UTC] PHP Fatal error:  Call to a member function prepare() on a non-object in /home/ubuntu/workspace/classes/account.php on line 75
[11-Sep-2017 05:34:06 UTC] PHP Stack trace:
[11-Sep-2017 05:34:06 UTC] PHP   1. {main}() /home/ubuntu/workspace/ajax/ajaxlogin.php:0
[11-Sep-2017 05:34:06 UTC] PHP   2. Account->authenticate() /home/ubuntu/workspace/ajax/ajaxlogin.php:11
[11-Sep-2017 05:34:07 UTC] PHP Warning:  mysqli_connect(): (HY000/1045): Access denied for user ''@'localhost' (using password: NO) in /home/ubuntu/workspace/classes/database.php on line 8
[11-Sep-2017 05:34:07 UTC] PHP Stack trace:
[11-Sep-2017 05:34:07 UTC] PHP   1. {main}() /home/ubuntu/workspace/ajax/ajaxlogin.php:0
[11-Sep-2017 05:34:07 UTC] PHP   2. Account->__construct() /home/ubuntu/workspace/ajax/ajaxlogin.php:10
[11-Sep-2017 05:34:07 UTC] PHP   3. Database->__construct() /home/ubuntu/workspace/classes/account.php:6
[11-Sep-2017 05:34:07 UTC] PHP   4. mysqli_connect() /home/ubuntu/workspace/classes/database.php:8
[11-Sep-2017 05:34:07 UTC] database connection failed
[11-Sep-2017 05:34:07 UTC] PHP Fatal error:  Call to a member function prepare() on a non-object in /home/ubuntu/workspace/classes/account.php on line 75
[11-Sep-2017 05:34:07 UTC] PHP Stack trace:
[11-Sep-2017 05:34:07 UTC] PHP   1. {main}() /home/ubuntu/workspace/ajax/ajaxlogin.php:0
[11-Sep-2017 05:34:07 UTC] PHP   2. Account->authenticate() /home/ubuntu/workspace/ajax/ajaxlogin.php:11
[11-Sep-2017 05:34:07 UTC] PHP Warning:  mysqli_connect(): (HY000/1045): Access denied for user ''@'localhost' (using password: NO) in /home/ubuntu/workspace/classes/database.php on line 8
[11-Sep-2017 05:34:07 UTC] PHP Stack trace:
[11-Sep-2017 05:34:07 UTC] PHP   1. {main}() /home/ubuntu/workspace/ajax/ajaxlogin.php:0
[11-Sep-2017 05:34:07 UTC] PHP   2. Account->__construct() /home/ubuntu/workspace/ajax/ajaxlogin.php:10
[11-Sep-2017 05:34:07 UTC] PHP   3. Database->__construct() /home/ubuntu/workspace/classes/account.php:6
[11-Sep-2017 05:34:07 UTC] PHP   4. mysqli_connect() /home/ubuntu/workspace/classes/database.php:8
[11-Sep-2017 05:34:07 UTC] database connection failed
[11-Sep-2017 05:34:07 UTC] PHP Fatal error:  Call to a member function prepare() on a non-object in /home/ubuntu/workspace/classes/account.php on line 75
[11-Sep-2017 05:34:07 UTC] PHP Stack trace:
[11-Sep-2017 05:34:07 UTC] PHP   1. {main}() /home/ubuntu/workspace/ajax/ajaxlogin.php:0
[11-Sep-2017 05:34:07 UTC] PHP   2. Account->authenticate() /home/ubuntu/workspace/ajax/ajaxlogin.php:11
[11-Sep-2017 05:34:11 UTC] PHP Warning:  mysqli_connect(): (HY000/1045): Access denied for user ''@'localhost' (using password: NO) in /home/ubuntu/workspace/classes/database.php on line 8
[11-Sep-2017 05:34:11 UTC] PHP Stack trace:
[11-Sep-2017 05:34:11 UTC] PHP   1. {main}() /home/ubuntu/workspace/ajax/ajaxlogin.php:0
[11-Sep-2017 05:34:11 UTC] PHP   2. Account->__construct() /home/ubuntu/workspace/ajax/ajaxlogin.php:10
[11-Sep-2017 05:34:11 UTC] PHP   3. Database->__construct() /home/ubuntu/workspace/classes/account.php:6
[11-Sep-2017 05:34:11 UTC] PHP   4. mysqli_connect() /home/ubuntu/workspace/classes/database.php:8
[11-Sep-2017 05:34:11 UTC] database connection failed
[11-Sep-2017 05:34:11 UTC] PHP Fatal error:  Call to a member function prepare() on a non-object in /home/ubuntu/workspace/classes/account.php on line 75
[11-Sep-2017 05:34:11 UTC] PHP Stack trace:
[11-Sep-2017 05:34:11 UTC] PHP   1. {main}() /home/ubuntu/workspace/ajax/ajaxlogin.php:0
[11-Sep-2017 05:34:11 UTC] PHP   2. Account->authenticate() /home/ubuntu/workspace/ajax/ajaxlogin.php:11
[11-Sep-2017 05:34:11 UTC] PHP Warning:  mysqli_connect(): (HY000/1045): Access denied for user ''@'localhost' (using password: NO) in /home/ubuntu/workspace/classes/database.php on line 8
[11-Sep-2017 05:34:11 UTC] PHP Stack trace:
[11-Sep-2017 05:34:11 UTC] PHP   1. {main}() /home/ubuntu/workspace/ajax/ajaxlogin.php:0
[11-Sep-2017 05:34:11 UTC] PHP   2. Account->__construct() /home/ubuntu/workspace/ajax/ajaxlogin.php:10
[11-Sep-2017 05:34:11 UTC] PHP   3. Database->__construct() /home/ubuntu/workspace/classes/account.php:6
[11-Sep-2017 05:34:11 UTC] PHP   4. mysqli_connect() /home/ubuntu/workspace/classes/database.php:8
[11-Sep-2017 05:34:11 UTC] database connection failed
[11-Sep-2017 05:34:11 UTC] PHP Fatal error:  Call to a member function prepare() on a non-object in /home/ubuntu/workspace/classes/account.php on line 75
[11-Sep-2017 05:34:11 UTC] PHP Stack trace:
[11-Sep-2017 05:34:11 UTC] PHP   1. {main}() /home/ubuntu/workspace/ajax/ajaxlogin.php:0
[11-Sep-2017 05:34:11 UTC] PHP   2. Account->authenticate() /home/ubuntu/workspace/ajax/ajaxlogin.php:11
[11-Sep-2017 05:34:11 UTC] PHP Warning:  mysqli_connect(): (HY000/1045): Access denied for user ''@'localhost' (using password: NO) in /home/ubuntu/workspace/classes/database.php on line 8
[11-Sep-2017 05:34:11 UTC] PHP Stack trace:
[11-Sep-2017 05:34:11 UTC] PHP   1. {main}() /home/ubuntu/workspace/ajax/ajaxlogin.php:0
[11-Sep-2017 05:34:11 UTC] PHP   2. Account->__construct() /home/ubuntu/workspace/ajax/ajaxlogin.php:10
[11-Sep-2017 05:34:11 UTC] PHP   3. Database->__construct() /home/ubuntu/workspace/classes/account.php:6
[11-Sep-2017 05:34:11 UTC] PHP   4. mysqli_connect() /home/ubuntu/workspace/classes/database.php:8
[11-Sep-2017 05:34:11 UTC] database connection failed
[11-Sep-2017 05:34:11 UTC] PHP Fatal error:  Call to a member function prepare() on a non-object in /home/ubuntu/workspace/classes/account.php on line 75
[11-Sep-2017 05:34:11 UTC] PHP Stack trace:
[11-Sep-2017 05:34:11 UTC] PHP   1. {main}() /home/ubuntu/workspace/ajax/ajaxlogin.php:0
[11-Sep-2017 05:34:11 UTC] PHP   2. Account->authenticate() /home/ubuntu/workspace/ajax/ajaxlogin.php:11
[11-Sep-2017 05:34:12 UTC] PHP Warning:  mysqli_connect(): (HY000/1045): Access denied for user ''@'localhost' (using password: NO) in /home/ubuntu/workspace/classes/database.php on line 8
[11-Sep-2017 05:34:12 UTC] PHP Stack trace:
[11-Sep-2017 05:34:12 UTC] PHP   1. {main}() /home/ubuntu/workspace/ajax/ajaxlogin.php:0
[11-Sep-2017 05:34:12 UTC] PHP   2. Account->__construct() /home/ubuntu/workspace/ajax/ajaxlogin.php:10
[11-Sep-2017 05:34:12 UTC] PHP   3. Database->__construct() /home/ubuntu/workspace/classes/account.php:6
[11-Sep-2017 05:34:12 UTC] PHP   4. mysqli_connect() /home/ubuntu/workspace/classes/database.php:8
[11-Sep-2017 05:34:12 UTC] database connection failed
[11-Sep-2017 05:34:12 UTC] PHP Fatal error:  Call to a member function prepare() on a non-object in /home/ubuntu/workspace/classes/account.php on line 75
[11-Sep-2017 05:34:12 UTC] PHP Stack trace:
[11-Sep-2017 05:34:12 UTC] PHP   1. {main}() /home/ubuntu/workspace/ajax/ajaxlogin.php:0
[11-Sep-2017 05:34:12 UTC] PHP   2. Account->authenticate() /home/ubuntu/workspace/ajax/ajaxlogin.php:11
[11-Sep-2017 05:34:12 UTC] PHP Warning:  mysqli_connect(): (HY000/1045): Access denied for user ''@'localhost' (using password: NO) in /home/ubuntu/workspace/classes/database.php on line 8
[11-Sep-2017 05:34:12 UTC] PHP Stack trace:
[11-Sep-2017 05:34:12 UTC] PHP   1. {main}() /home/ubuntu/workspace/ajax/ajaxlogin.php:0
[11-Sep-2017 05:34:12 UTC] PHP   2. Account->__construct() /home/ubuntu/workspace/ajax/ajaxlogin.php:10
[11-Sep-2017 05:34:12 UTC] PHP   3. Database->__construct() /home/ubuntu/workspace/classes/account.php:6
[11-Sep-2017 05:34:12 UTC] PHP   4. mysqli_connect() /home/ubuntu/workspace/classes/database.php:8
[11-Sep-2017 05:34:12 UTC] database connection failed
[11-Sep-2017 05:34:12 UTC] PHP Fatal error:  Call to a member function prepare() on a non-object in /home/ubuntu/workspace/classes/account.php on line 75
[11-Sep-2017 05:34:12 UTC] PHP Stack trace:
[11-Sep-2017 05:34:12 UTC] PHP   1. {main}() /home/ubuntu/workspace/ajax/ajaxlogin.php:0
[11-Sep-2017 05:34:12 UTC] PHP   2. Account->authenticate() /home/ubuntu/workspace/ajax/ajaxlogin.php:11
[11-Sep-2017 05:34:12 UTC] PHP Warning:  mysqli_connect(): (HY000/1045): Access denied for user ''@'localhost' (using password: NO) in /home/ubuntu/workspace/classes/database.php on line 8
[11-Sep-2017 05:34:12 UTC] PHP Stack trace:
[11-Sep-2017 05:34:12 UTC] PHP   1. {main}() /home/ubuntu/workspace/ajax/ajaxlogin.php:0
[11-Sep-2017 05:34:12 UTC] PHP   2. Account->__construct() /home/ubuntu/workspace/ajax/ajaxlogin.php:10
[11-Sep-2017 05:34:12 UTC] PHP   3. Database->__construct() /home/ubuntu/workspace/classes/account.php:6
[11-Sep-2017 05:34:12 UTC] PHP   4. mysqli_connect() /home/ubuntu/workspace/classes/database.php:8
[11-Sep-2017 05:34:12 UTC] database connection failed
[11-Sep-2017 05:34:12 UTC] PHP Fatal error:  Call to a member function prepare() on a non-object in /home/ubuntu/workspace/classes/account.php on line 75
[11-Sep-2017 05:34:12 UTC] PHP Stack trace:
[11-Sep-2017 05:34:12 UTC] PHP   1. {main}() /home/ubuntu/workspace/ajax/ajaxlogin.php:0
[11-Sep-2017 05:34:12 UTC] PHP   2. Account->authenticate() /home/ubuntu/workspace/ajax/ajaxlogin.php:11
[11-Sep-2017 05:34:26 UTC] PHP Warning:  mysqli_connect(): (HY000/1045): Access denied for user ''@'localhost' (using password: NO) in /home/ubuntu/workspace/classes/database.php on line 8
[11-Sep-2017 05:34:26 UTC] PHP Stack trace:
[11-Sep-2017 05:34:26 UTC] PHP   1. {main}() /home/ubuntu/workspace/ajax/ajaxlogin.php:0
[11-Sep-2017 05:34:26 UTC] PHP   2. Account->__construct() /home/ubuntu/workspace/ajax/ajaxlogin.php:10
[11-Sep-2017 05:34:26 UTC] PHP   3. Database->__construct() /home/ubuntu/workspace/classes/account.php:6
[11-Sep-2017 05:34:26 UTC] PHP   4. mysqli_connect() /home/ubuntu/workspace/classes/database.php:8
[11-Sep-2017 05:34:26 UTC] database connection failed
[11-Sep-2017 05:34:26 UTC] PHP Fatal error:  Call to a member function prepare() on a non-object in /home/ubuntu/workspace/classes/account.php on line 75
[11-Sep-2017 05:34:26 UTC] PHP Stack trace:
[11-Sep-2017 05:34:26 UTC] PHP   1. {main}() /home/ubuntu/workspace/ajax/ajaxlogin.php:0
[11-Sep-2017 05:34:26 UTC] PHP   2. Account->authenticate() /home/ubuntu/workspace/ajax/ajaxlogin.php:11
[11-Sep-2017 05:34:28 UTC] PHP Warning:  mysqli_connect(): (HY000/1045): Access denied for user ''@'localhost' (using password: NO) in /home/ubuntu/workspace/classes/database.php on line 8
[11-Sep-2017 05:34:28 UTC] PHP Stack trace:
[11-Sep-2017 05:34:28 UTC] PHP   1. {main}() /home/ubuntu/workspace/ajax/ajaxlogin.php:0
[11-Sep-2017 05:34:28 UTC] PHP   2. Account->__construct() /home/ubuntu/workspace/ajax/ajaxlogin.php:10
[11-Sep-2017 05:34:28 UTC] PHP   3. Database->__construct() /home/ubuntu/workspace/classes/account.php:6
[11-Sep-2017 05:34:28 UTC] PHP   4. mysqli_connect() /home/ubuntu/workspace/classes/database.php:8
[11-Sep-2017 05:34:28 UTC] database connection failed
[11-Sep-2017 05:34:28 UTC] PHP Fatal error:  Call to a member function prepare() on a non-object in /home/ubuntu/workspace/classes/account.php on line 75
[11-Sep-2017 05:34:28 UTC] PHP Stack trace:
[11-Sep-2017 05:34:28 UTC] PHP   1. {main}() /home/ubuntu/workspace/ajax/ajaxlogin.php:0
[11-Sep-2017 05:34:28 UTC] PHP   2. Account->authenticate() /home/ubuntu/workspace/ajax/ajaxlogin.php:11
[08-Oct-2017 23:28:58 UTC] PHP Warning:  mysqli_connect(): (HY000/1045): Access denied for user ''@'localhost' (using password: NO) in /home/ubuntu/workspace/classes/database.php on line 8
[08-Oct-2017 23:28:58 UTC] PHP Stack trace:
[08-Oct-2017 23:28:58 UTC] PHP   1. {main}() /home/ubuntu/workspace/ajax/ajaxlogin.php:0
[08-Oct-2017 23:28:58 UTC] PHP   2. Account->__construct() /home/ubuntu/workspace/ajax/ajaxlogin.php:10
[08-Oct-2017 23:28:58 UTC] PHP   3. Database->__construct() /home/ubuntu/workspace/classes/account.php:6
[08-Oct-2017 23:28:58 UTC] PHP   4. mysqli_connect() /home/ubuntu/workspace/classes/database.php:8
[08-Oct-2017 23:28:58 UTC] database connection failed
[08-Oct-2017 23:28:58 UTC] PHP Fatal error:  Call to a member function prepare() on a non-object in /home/ubuntu/workspace/classes/account.php on line 75
[08-Oct-2017 23:28:58 UTC] PHP Stack trace:
[08-Oct-2017 23:28:58 UTC] PHP   1. {main}() /home/ubuntu/workspace/ajax/ajaxlogin.php:0
[08-Oct-2017 23:28:58 UTC] PHP   2. Account->authenticate() /home/ubuntu/workspace/ajax/ajaxlogin.php:11
[08-Oct-2017 23:29:30 UTC] PHP Warning:  mysqli_connect(): (HY000/1045): Access denied for user ''@'localhost' (using password: NO) in /home/ubuntu/workspace/classes/database.php on line 8
[08-Oct-2017 23:29:30 UTC] PHP Stack trace:
[08-Oct-2017 23:29:30 UTC] PHP   1. {main}() /home/ubuntu/workspace/ajax/ajaxlogin.php:0
[08-Oct-2017 23:29:30 UTC] PHP   2. Account->__construct() /home/ubuntu/workspace/ajax/ajaxlogin.php:10
[08-Oct-2017 23:29:30 UTC] PHP   3. Database->__construct() /home/ubuntu/workspace/classes/account.php:6
[08-Oct-2017 23:29:30 UTC] PHP   4. mysqli_connect() /home/ubuntu/workspace/classes/database.php:8
[08-Oct-2017 23:29:30 UTC] database connection failed
[08-Oct-2017 23:29:30 UTC] PHP Fatal error:  Call to a member function prepare() on a non-object in /home/ubuntu/workspace/classes/account.php on line 75
[08-Oct-2017 23:29:30 UTC] PHP Stack trace:
[08-Oct-2017 23:29:30 UTC] PHP   1. {main}() /home/ubuntu/workspace/ajax/ajaxlogin.php:0
[08-Oct-2017 23:29:30 UTC] PHP   2. Account->authenticate() /home/ubuntu/workspace/ajax/ajaxlogin.php:11
[16-Oct-2017 00:55:40 UTC] PHP Warning:  mysqli_connect(): (HY000/1045): Access denied for user ''@'localhost' (using password: NO) in /home/ubuntu/workspace/classes/database.php on line 8
[16-Oct-2017 00:55:40 UTC] PHP Stack trace:
[16-Oct-2017 00:55:40 UTC] PHP   1. {main}() /home/ubuntu/workspace/ajax/ajaxlogin.php:0
[16-Oct-2017 00:55:40 UTC] PHP   2. Account->__construct() /home/ubuntu/workspace/ajax/ajaxlogin.php:10
[16-Oct-2017 00:55:40 UTC] PHP   3. Database->__construct() /home/ubuntu/workspace/classes/account.php:6
[16-Oct-2017 00:55:40 UTC] PHP   4. mysqli_connect() /home/ubuntu/workspace/classes/database.php:8
[16-Oct-2017 00:55:40 UTC] database connection failed
[16-Oct-2017 00:55:40 UTC] PHP Fatal error:  Call to a member function prepare() on a non-object in /home/ubuntu/workspace/classes/account.php on line 75
[16-Oct-2017 00:55:40 UTC] PHP Stack trace:
[16-Oct-2017 00:55:40 UTC] PHP   1. {main}() /home/ubuntu/workspace/ajax/ajaxlogin.php:0
[16-Oct-2017 00:55:40 UTC] PHP   2. Account->authenticate() /home/ubuntu/workspace/ajax/ajaxlogin.php:11
[30-Oct-2017 01:10:01 UTC] PHP Fatal error:  Call to a member function bind_param() on a non-object in /home/ubuntu/workspace/classes/account.php on line 112
[30-Oct-2017 01:10:01 UTC] PHP Stack trace:
[30-Oct-2017 01:10:01 UTC] PHP   1. {main}() /home/ubuntu/workspace/ajax/ajaxlogin.php:0
[30-Oct-2017 01:10:01 UTC] PHP   2. Account->authenticate() /home/ubuntu/workspace/ajax/ajaxlogin.php:11
[30-Oct-2017 01:10:01 UTC] PHP   3. Account->isUserAdmin() /home/ubuntu/workspace/classes/account.php:94
[30-Oct-2017 01:10:34 UTC] PHP Fatal error:  Call to a member function bind_param() on a non-object in /home/ubuntu/workspace/classes/account.php on line 112
[30-Oct-2017 01:10:34 UTC] PHP Stack trace:
[30-Oct-2017 01:10:34 UTC] PHP   1. {main}() /home/ubuntu/workspace/ajax/ajaxlogin.php:0
[30-Oct-2017 01:10:34 UTC] PHP   2. Account->authenticate() /home/ubuntu/workspace/ajax/ajaxlogin.php:11
[30-Oct-2017 01:10:34 UTC] PHP   3. Account->isUserAdmin() /home/ubuntu/workspace/classes/account.php:94
[30-Oct-2017 04:13:34 UTC] PHP Fatal error:  Call to a member function bind_param() on a non-object in /home/ubuntu/workspace/classes/account.php on line 112
[30-Oct-2017 04:13:34 UTC] PHP Stack trace:
[30-Oct-2017 04:13:34 UTC] PHP   1. {main}() /home/ubuntu/workspace/ajax/ajaxlogin.php:0
[30-Oct-2017 04:13:34 UTC] PHP   2. Account->authenticate() /home/ubuntu/workspace/ajax/ajaxlogin.php:11
[30-Oct-2017 04:13:34 UTC] PHP   3. Account->isUserAdmin() /home/ubuntu/workspace/classes/account.php:94
[30-Oct-2017 04:22:13 UTC] PHP Fatal error:  Call to a member function bind_param() on a non-object in /home/ubuntu/workspace/classes/account.php on line 112
[30-Oct-2017 04:22:13 UTC] PHP Stack trace:
[30-Oct-2017 04:22:13 UTC] PHP   1. {main}() /home/ubuntu/workspace/ajax/ajaxlogin.php:0
[30-Oct-2017 04:22:13 UTC] PHP   2. Account->authenticate() /home/ubuntu/workspace/ajax/ajaxlogin.php:11
[30-Oct-2017 04:22:13 UTC] PHP   3. Account->isUserAdmin() /home/ubuntu/workspace/classes/account.php:94
[30-Oct-2017 04:28:42 UTC] PHP Fatal error:  Call to a member function bind_param() on a non-object in /home/ubuntu/workspace/classes/account.php on line 112
[30-Oct-2017 04:28:42 UTC] PHP Stack trace:
[30-Oct-2017 04:28:42 UTC] PHP   1. {main}() /home/ubuntu/workspace/ajax/ajaxlogin.php:0
[30-Oct-2017 04:28:42 UTC] PHP   2. Account->authenticate() /home/ubuntu/workspace/ajax/ajaxlogin.php:11
[30-Oct-2017 04:28:42 UTC] PHP   3. Account->isUserAdmin() /home/ubuntu/workspace/classes/account.php:94
[30-Oct-2017 04:29:34 UTC] PHP Fatal error:  Call to a member function bind_param() on a non-object in /home/ubuntu/workspace/classes/account.php on line 112
[30-Oct-2017 04:29:34 UTC] PHP Stack trace:
[30-Oct-2017 04:29:34 UTC] PHP   1. {main}() /home/ubuntu/workspace/ajax/ajaxlogin.php:0
[30-Oct-2017 04:29:34 UTC] PHP   2. Account->authenticate() /home/ubuntu/workspace/ajax/ajaxlogin.php:11
[30-Oct-2017 04:29:34 UTC] PHP   3. Account->isUserAdmin() /home/ubuntu/workspace/classes/account.php:94
[01-Nov-2017 03:14:03 UTC] PHP Warning:  mysqli_connect(): (HY000/1045): Access denied for user ''@'localhost' (using password: NO) in /home/ubuntu/workspace/classes/database.class.php on line 8
[01-Nov-2017 03:14:03 UTC] PHP Stack trace:
[01-Nov-2017 03:14:03 UTC] PHP   1. {main}() /home/ubuntu/workspace/ajax/ajaxlogin.php:0
[01-Nov-2017 03:14:03 UTC] PHP   2. Account->__construct() /home/ubuntu/workspace/ajax/ajaxlogin.php:10
[01-Nov-2017 03:14:03 UTC] PHP   3. Database->__construct() /home/ubuntu/workspace/classes/account.php:6
[01-Nov-2017 03:14:03 UTC] PHP   4. mysqli_connect() /home/ubuntu/workspace/classes/database.class.php:8
[01-Nov-2017 03:14:03 UTC] database connection failed
[01-Nov-2017 03:14:03 UTC] PHP Fatal error:  Call to a member function prepare() on a non-object in /home/ubuntu/workspace/classes/account.php on line 75
[01-Nov-2017 03:14:03 UTC] PHP Stack trace:
[01-Nov-2017 03:14:03 UTC] PHP   1. {main}() /home/ubuntu/workspace/ajax/ajaxlogin.php:0
[01-Nov-2017 03:14:03 UTC] PHP   2. Account->authenticate() /home/ubuntu/workspace/ajax/ajaxlogin.php:11
[01-Nov-2017 03:14:44 UTC] PHP Warning:  mysqli_connect(): (HY000/1045): Access denied for user ''@'localhost' (using password: NO) in /home/ubuntu/workspace/classes/database.class.php on line 8
[01-Nov-2017 03:14:44 UTC] PHP Stack trace:
[01-Nov-2017 03:14:44 UTC] PHP   1. {main}() /home/ubuntu/workspace/ajax/ajaxlogin.php:0
[01-Nov-2017 03:14:44 UTC] PHP   2. Account->__construct() /home/ubuntu/workspace/ajax/ajaxlogin.php:10
[01-Nov-2017 03:14:44 UTC] PHP   3. Database->__construct() /home/ubuntu/workspace/classes/account.php:6
[01-Nov-2017 03:14:44 UTC] PHP   4. mysqli_connect() /home/ubuntu/workspace/classes/database.class.php:8
[01-Nov-2017 03:14:44 UTC] database connection failed
[01-Nov-2017 03:14:44 UTC] PHP Fatal error:  Call to a member function prepare() on a non-object in /home/ubuntu/workspace/classes/account.php on line 75
[01-Nov-2017 03:14:44 UTC] PHP Stack trace:
[01-Nov-2017 03:14:44 UTC] PHP   1. {main}() /home/ubuntu/workspace/ajax/ajaxlogin.php:0
[01-Nov-2017 03:14:44 UTC] PHP   2. Account->authenticate() /home/ubuntu/workspace/ajax/ajaxlogin.php:11
[01-Nov-2017 03:17:51 UTC] PHP Warning:  mysqli_connect(): (HY000/1045): Access denied for user ''@'localhost' (using password: NO) in /home/ubuntu/workspace/classes/database.class.php on line 8
[01-Nov-2017 03:17:51 UTC] PHP Stack trace:
[01-Nov-2017 03:17:51 UTC] PHP   1. {main}() /home/ubuntu/workspace/ajax/ajaxlogin.php:0
[01-Nov-2017 03:17:51 UTC] PHP   2. Account->__construct() /home/ubuntu/workspace/ajax/ajaxlogin.php:10
[01-Nov-2017 03:17:51 UTC] PHP   3. Database->__construct() /home/ubuntu/workspace/classes/account.php:6
[01-Nov-2017 03:17:51 UTC] PHP   4. mysqli_connect() /home/ubuntu/workspace/classes/database.class.php:8
[01-Nov-2017 03:17:51 UTC] database connection failed
[01-Nov-2017 03:17:51 UTC] PHP Fatal error:  Call to a member function prepare() on a non-object in /home/ubuntu/workspace/classes/account.php on line 75
[01-Nov-2017 03:17:51 UTC] PHP Stack trace:
[01-Nov-2017 03:17:51 UTC] PHP   1. {main}() /home/ubuntu/workspace/ajax/ajaxlogin.php:0
[01-Nov-2017 03:17:51 UTC] PHP   2. Account->authenticate() /home/ubuntu/workspace/ajax/ajaxlogin.php:11
[01-Nov-2017 03:21:02 UTC] PHP Warning:  mysqli_connect(): (HY000/1045): Access denied for user ''@'localhost' (using password: NO) in /home/ubuntu/workspace/classes/database.class.php on line 8
[01-Nov-2017 03:21:02 UTC] PHP Stack trace:
[01-Nov-2017 03:21:02 UTC] PHP   1. {main}() /home/ubuntu/workspace/ajax/ajaxlogin.php:0
[01-Nov-2017 03:21:02 UTC] PHP   2. Account->__construct() /home/ubuntu/workspace/ajax/ajaxlogin.php:10
[01-Nov-2017 03:21:02 UTC] PHP   3. Database->__construct() /home/ubuntu/workspace/classes/account.php:6
[01-Nov-2017 03:21:02 UTC] PHP   4. mysqli_connect() /home/ubuntu/workspace/classes/database.class.php:8
[01-Nov-2017 03:21:02 UTC] database connection failed
[01-Nov-2017 03:21:02 UTC] PHP Fatal error:  Call to a member function prepare() on a non-object in /home/ubuntu/workspace/classes/account.php on line 75
[01-Nov-2017 03:21:02 UTC] PHP Stack trace:
[01-Nov-2017 03:21:02 UTC] PHP   1. {main}() /home/ubuntu/workspace/ajax/ajaxlogin.php:0
[01-Nov-2017 03:21:02 UTC] PHP   2. Account->authenticate() /home/ubuntu/workspace/ajax/ajaxlogin.php:11
[01-Nov-2017 03:21:32 UTC] PHP Fatal error:  Call to a member function bind_param() on a non-object in /home/ubuntu/workspace/classes/account.php on line 112
[01-Nov-2017 03:21:32 UTC] PHP Stack trace:
[01-Nov-2017 03:21:32 UTC] PHP   1. {main}() /home/ubuntu/workspace/ajax/ajaxlogin.php:0
[01-Nov-2017 03:21:32 UTC] PHP   2. Account->authenticate() /home/ubuntu/workspace/ajax/ajaxlogin.php:11
[01-Nov-2017 03:21:32 UTC] PHP   3. Account->isUserAdmin() /home/ubuntu/workspace/classes/account.php:94
[01-Nov-2017 03:21:57 UTC] PHP Fatal error:  Call to a member function bind_param() on a non-object in /home/ubuntu/workspace/classes/account.php on line 112
[01-Nov-2017 03:21:57 UTC] PHP Stack trace:
[01-Nov-2017 03:21:57 UTC] PHP   1. {main}() /home/ubuntu/workspace/ajax/ajaxlogin.php:0
[01-Nov-2017 03:21:57 UTC] PHP   2. Account->authenticate() /home/ubuntu/workspace/ajax/ajaxlogin.php:11
[01-Nov-2017 03:21:57 UTC] PHP   3. Account->isUserAdmin() /home/ubuntu/workspace/classes/account.php:94
[03-Nov-2017 02:44:20 UTC] PHP Warning:  mysqli_connect(): (HY000/1045): Access denied for user ''@'localhost' (using password: NO) in /home/ubuntu/workspace/classes/database.class.php on line 8
[03-Nov-2017 02:44:20 UTC] PHP Stack trace:
[03-Nov-2017 02:44:20 UTC] PHP   1. {main}() /home/ubuntu/workspace/ajax/ajaxlogin.php:0
[03-Nov-2017 02:44:20 UTC] PHP   2. Account->__construct() /home/ubuntu/workspace/ajax/ajaxlogin.php:10
[03-Nov-2017 02:44:20 UTC] PHP   3. Database->__construct() /home/ubuntu/workspace/classes/account.php:6
[03-Nov-2017 02:44:20 UTC] PHP   4. mysqli_connect() /home/ubuntu/workspace/classes/database.class.php:8
[03-Nov-2017 02:44:20 UTC] database connection failed
[03-Nov-2017 02:44:20 UTC] PHP Fatal error:  Call to a member function prepare() on a non-object in /home/ubuntu/workspace/classes/account.php on line 75
[03-Nov-2017 02:44:20 UTC] PHP Stack trace:
[03-Nov-2017 02:44:20 UTC] PHP   1. {main}() /home/ubuntu/workspace/ajax/ajaxlogin.php:0
[03-Nov-2017 02:44:20 UTC] PHP   2. Account->authenticate() /home/ubuntu/workspace/ajax/ajaxlogin.php:11
[15-Nov-2017 05:14:09 UTC] PHP Fatal error:  Call to a member function bind_param() on a non-object in /home/ubuntu/workspace/classes/wishlist.class.php on line 59
[15-Nov-2017 05:14:09 UTC] PHP Stack trace:
[15-Nov-2017 05:14:09 UTC] PHP   1. {main}() /home/ubuntu/workspace/ajax/ajaxwishlist.php:0
[15-Nov-2017 05:14:09 UTC] PHP   2. WishList->addItem() /home/ubuntu/workspace/ajax/ajaxwishlist.php:27
[15-Nov-2017 05:14:10 UTC] PHP Fatal error:  Call to a member function bind_param() on a non-object in /home/ubuntu/workspace/classes/wishlist.class.php on line 59
[15-Nov-2017 05:14:10 UTC] PHP Stack trace:
[15-Nov-2017 05:14:10 UTC] PHP   1. {main}() /home/ubuntu/workspace/ajax/ajaxwishlist.php:0
[15-Nov-2017 05:14:10 UTC] PHP   2. WishList->addItem() /home/ubuntu/workspace/ajax/ajaxwishlist.php:27
[15-Nov-2017 05:14:11 UTC] PHP Fatal error:  Call to a member function bind_param() on a non-object in /home/ubuntu/workspace/classes/wishlist.class.php on line 59
[15-Nov-2017 05:14:11 UTC] PHP Stack trace:
[15-Nov-2017 05:14:11 UTC] PHP   1. {main}() /home/ubuntu/workspace/ajax/ajaxwishlist.php:0
[15-Nov-2017 05:14:11 UTC] PHP   2. WishList->addItem() /home/ubuntu/workspace/ajax/ajaxwishlist.php:27
[15-Nov-2017 05:14:12 UTC] PHP Fatal error:  Call to a member function bind_param() on a non-object in /home/ubuntu/workspace/classes/wishlist.class.php on line 59
[15-Nov-2017 05:14:12 UTC] PHP Stack trace:
[15-Nov-2017 05:14:12 UTC] PHP   1. {main}() /home/ubuntu/workspace/ajax/ajaxwishlist.php:0
[15-Nov-2017 05:14:12 UTC] PHP   2. WishList->addItem() /home/ubuntu/workspace/ajax/ajaxwishlist.php:27
[15-Nov-2017 05:14:12 UTC] PHP Fatal error:  Call to a member function bind_param() on a non-object in /home/ubuntu/workspace/classes/wishlist.class.php on line 59
[15-Nov-2017 05:14:12 UTC] PHP Stack trace:
[15-Nov-2017 05:14:12 UTC] PHP   1. {main}() /home/ubuntu/workspace/ajax/ajaxwishlist.php:0
[15-Nov-2017 05:14:12 UTC] PHP   2. WishList->addItem() /home/ubuntu/workspace/ajax/ajaxwishlist.php:27
[15-Nov-2017 05:14:13 UTC] PHP Fatal error:  Call to a member function bind_param() on a non-object in /home/ubuntu/workspace/classes/wishlist.class.php on line 59
[15-Nov-2017 05:14:13 UTC] PHP Stack trace:
[15-Nov-2017 05:14:13 UTC] PHP   1. {main}() /home/ubuntu/workspace/ajax/ajaxwishlist.php:0
[15-Nov-2017 05:14:13 UTC] PHP   2. WishList->addItem() /home/ubuntu/workspace/ajax/ajaxwishlist.php:27
[15-Nov-2017 05:14:24 UTC] PHP Fatal error:  Call to a member function bind_param() on a non-object in /home/ubuntu/workspace/classes/wishlist.class.php on line 59
[15-Nov-2017 05:14:24 UTC] PHP Stack trace:
[15-Nov-2017 05:14:24 UTC] PHP   1. {main}() /home/ubuntu/workspace/ajax/ajaxwishlist.php:0
[15-Nov-2017 05:14:24 UTC] PHP   2. WishList->addItem() /home/ubuntu/workspace/ajax/ajaxwishlist.php:27
[15-Nov-2017 05:14:58 UTC] PHP Fatal error:  Call to a member function bind_param() on a non-object in /home/ubuntu/workspace/classes/wishlist.class.php on line 59
[15-Nov-2017 05:14:58 UTC] PHP Stack trace:
[15-Nov-2017 05:14:58 UTC] PHP   1. {main}() /home/ubuntu/workspace/ajax/ajaxwishlist.php:0
[15-Nov-2017 05:14:58 UTC] PHP   2. WishList->addItem() /home/ubuntu/workspace/ajax/ajaxwishlist.php:27
[15-Nov-2017 05:14:59 UTC] PHP Fatal error:  Call to a member function bind_param() on a non-object in /home/ubuntu/workspace/classes/wishlist.class.php on line 59
[15-Nov-2017 05:14:59 UTC] PHP Stack trace:
[15-Nov-2017 05:14:59 UTC] PHP   1. {main}() /home/ubuntu/workspace/ajax/ajaxwishlist.php:0
[15-Nov-2017 05:14:59 UTC] PHP   2. WishList->addItem() /home/ubuntu/workspace/ajax/ajaxwishlist.php:27
[15-Nov-2017 05:16:58 UTC] PHP Fatal error:  Call to a member function bind_param() on a non-object in /home/ubuntu/workspace/classes/wishlist.class.php on line 59
[15-Nov-2017 05:16:58 UTC] PHP Stack trace:
[15-Nov-2017 05:16:58 UTC] PHP   1. {main}() /home/ubuntu/workspace/ajax/ajaxwishlist.php:0
[15-Nov-2017 05:16:58 UTC] PHP   2. WishList->addItem() /home/ubuntu/workspace/ajax/ajaxwishlist.php:27
[15-Nov-2017 05:18:33 UTC] PHP Fatal error:  Call to a member function bind_param() on a non-object in /home/ubuntu/workspace/classes/wishlist.class.php on line 59
[15-Nov-2017 05:18:33 UTC] PHP Stack trace:
[15-Nov-2017 05:18:33 UTC] PHP   1. {main}() /home/ubuntu/workspace/ajax/ajaxwishlist.php:0
[15-Nov-2017 05:18:33 UTC] PHP   2. WishList->addItem() /home/ubuntu/workspace/ajax/ajaxwishlist.php:27
[15-Nov-2017 05:18:34 UTC] PHP Fatal error:  Call to a member function bind_param() on a non-object in /home/ubuntu/workspace/classes/wishlist.class.php on line 59
[15-Nov-2017 05:18:34 UTC] PHP Stack trace:
[15-Nov-2017 05:18:34 UTC] PHP   1. {main}() /home/ubuntu/workspace/ajax/ajaxwishlist.php:0
[15-Nov-2017 05:18:34 UTC] PHP   2. WishList->addItem() /home/ubuntu/workspace/ajax/ajaxwishlist.php:27
[15-Nov-2017 05:20:13 UTC] PHP Fatal error:  Call to a member function bind_param() on a non-object in /home/ubuntu/workspace/classes/wishlist.class.php on line 73
[15-Nov-2017 05:20:13 UTC] PHP Stack trace:
[15-Nov-2017 05:20:13 UTC] PHP   1. {main}() /home/ubuntu/workspace/ajax/ajaxwishlist.php:0
[15-Nov-2017 05:20:13 UTC] PHP   2. WishList->removeItem() /home/ubuntu/workspace/ajax/ajaxwishlist.php:20
[15-Nov-2017 05:20:14 UTC] PHP Fatal error:  Call to a member function bind_param() on a non-object in /home/ubuntu/workspace/classes/wishlist.class.php on line 73
[15-Nov-2017 05:20:14 UTC] PHP Stack trace:
[15-Nov-2017 05:20:14 UTC] PHP   1. {main}() /home/ubuntu/workspace/ajax/ajaxwishlist.php:0
[15-Nov-2017 05:20:14 UTC] PHP   2. WishList->removeItem() /home/ubuntu/workspace/ajax/ajaxwishlist.php:20
[15-Nov-2017 05:21:11 UTC] PHP Fatal error:  Call to a member function bind_param() on a non-object in /home/ubuntu/workspace/classes/wishlist.class.php on line 59
[15-Nov-2017 05:21:11 UTC] PHP Stack trace:
[15-Nov-2017 05:21:11 UTC] PHP   1. {main}() /home/ubuntu/workspace/ajax/ajaxwishlist.php:0
[15-Nov-2017 05:21:11 UTC] PHP   2. WishList->addItem() /home/ubuntu/workspace/ajax/ajaxwishlist.php:27
[15-Nov-2017 05:21:15 UTC] PHP Fatal error:  Call to a member function bind_param() on a non-object in /home/ubuntu/workspace/classes/wishlist.class.php on line 59
[15-Nov-2017 05:21:15 UTC] PHP Stack trace:
[15-Nov-2017 05:21:15 UTC] PHP   1. {main}() /home/ubuntu/workspace/ajax/ajaxwishlist.php:0
[15-Nov-2017 05:21:15 UTC] PHP   2. WishList->addItem() /home/ubuntu/workspace/ajax/ajaxwishlist.php:27
[15-Nov-2017 05:21:15 UTC] PHP Fatal error:  Call to a member function bind_param() on a non-object in /home/ubuntu/workspace/classes/wishlist.class.php on line 59
[15-Nov-2017 05:21:15 UTC] PHP Stack trace:
[15-Nov-2017 05:21:15 UTC] PHP   1. {main}() /home/ubuntu/workspace/ajax/ajaxwishlist.php:0
[15-Nov-2017 05:21:15 UTC] PHP   2. WishList->addItem() /home/ubuntu/workspace/ajax/ajaxwishlist.php:27
[15-Nov-2017 05:21:15 UTC] PHP Fatal error:  Call to a member function bind_param() on a non-object in /home/ubuntu/workspace/classes/wishlist.class.php on line 59
[15-Nov-2017 05:21:15 UTC] PHP Stack trace:
[15-Nov-2017 05:21:15 UTC] PHP   1. {main}() /home/ubuntu/workspace/ajax/ajaxwishlist.php:0
[15-Nov-2017 05:21:15 UTC] PHP   2. WishList->addItem() /home/ubuntu/workspace/ajax/ajaxwishlist.php:27
[15-Nov-2017 05:21:15 UTC] PHP Fatal error:  Call to a member function bind_param() on a non-object in /home/ubuntu/workspace/classes/wishlist.class.php on line 59
[15-Nov-2017 05:21:15 UTC] PHP Stack trace:
[15-Nov-2017 05:21:15 UTC] PHP   1. {main}() /home/ubuntu/workspace/ajax/ajaxwishlist.php:0
[15-Nov-2017 05:21:15 UTC] PHP   2. WishList->addItem() /home/ubuntu/workspace/ajax/ajaxwishlist.php:27
[15-Nov-2017 05:21:16 UTC] PHP Fatal error:  Call to a member function bind_param() on a non-object in /home/ubuntu/workspace/classes/wishlist.class.php on line 59
[15-Nov-2017 05:21:16 UTC] PHP Stack trace:
[15-Nov-2017 05:21:16 UTC] PHP   1. {main}() /home/ubuntu/workspace/ajax/ajaxwishlist.php:0
[15-Nov-2017 05:21:16 UTC] PHP   2. WishList->addItem() /home/ubuntu/workspace/ajax/ajaxwishlist.php:27
[15-Nov-2017 05:21:45 UTC] PHP Fatal error:  Call to a member function bind_param() on a non-object in /home/ubuntu/workspace/classes/wishlist.class.php on line 59
[15-Nov-2017 05:21:45 UTC] PHP Stack trace:
[15-Nov-2017 05:21:45 UTC] PHP   1. {main}() /home/ubuntu/workspace/ajax/ajaxwishlist.php:0
[15-Nov-2017 05:21:45 UTC] PHP   2. WishList->addItem() /home/ubuntu/workspace/ajax/ajaxwishlist.php:27
[29-Nov-2017 04:01:11 UTC] PHP Fatal error:  Call to a member function bind_param() on a non-object in /home/ubuntu/workspace/classes/wishlist.class.php on line 59
[29-Nov-2017 04:01:11 UTC] PHP Stack trace:
[29-Nov-2017 04:01:11 UTC] PHP   1. {main}() /home/ubuntu/workspace/ajax/ajaxwishlist.php:0
[29-Nov-2017 04:01:11 UTC] PHP   2. WishList->addItem() /home/ubuntu/workspace/ajax/ajaxwishlist.php:27
[29-Nov-2017 04:01:17 UTC] PHP Fatal error:  Call to a member function bind_param() on a non-object in /home/ubuntu/workspace/classes/wishlist.class.php on line 73
[29-Nov-2017 04:01:17 UTC] PHP Stack trace:
[29-Nov-2017 04:01:17 UTC] PHP   1. {main}() /home/ubuntu/workspace/ajax/ajaxwishlist.php:0
[29-Nov-2017 04:01:17 UTC] PHP   2. WishList->removeItem() /home/ubuntu/workspace/ajax/ajaxwishlist.php:20
[29-Nov-2017 04:01:19 UTC] PHP Fatal error:  Call to a member function bind_param() on a non-object in /home/ubuntu/workspace/classes/wishlist.class.php on line 73
[29-Nov-2017 04:01:19 UTC] PHP Stack trace:
[29-Nov-2017 04:01:19 UTC] PHP   1. {main}() /home/ubuntu/workspace/ajax/ajaxwishlist.php:0
[29-Nov-2017 04:01:19 UTC] PHP   2. WishList->removeItem() /home/ubuntu/workspace/ajax/ajaxwishlist.php:20
[29-Nov-2017 04:01:20 UTC] PHP Fatal error:  Call to a member function bind_param() on a non-object in /home/ubuntu/workspace/classes/wishlist.class.php on line 73
[29-Nov-2017 04:01:20 UTC] PHP Stack trace:
[29-Nov-2017 04:01:20 UTC] PHP   1. {main}() /home/ubuntu/workspace/ajax/ajaxwishlist.php:0
[29-Nov-2017 04:01:20 UTC] PHP   2. WishList->removeItem() /home/ubuntu/workspace/ajax/ajaxwishlist.php:20
[29-Nov-2017 04:01:20 UTC] PHP Fatal error:  Call to a member function bind_param() on a non-object in /home/ubuntu/workspace/classes/wishlist.class.php on line 73
[29-Nov-2017 04:01:20 UTC] PHP Stack trace:
[29-Nov-2017 04:01:20 UTC] PHP   1. {main}() /home/ubuntu/workspace/ajax/ajaxwishlist.php:0
[29-Nov-2017 04:01:20 UTC] PHP   2. WishList->removeItem() /home/ubuntu/workspace/ajax/ajaxwishlist.php:20
[29-Nov-2017 04:01:51 UTC] PHP Fatal error:  Call to a member function bind_param() on a non-object in /home/ubuntu/workspace/classes/wishlist.class.php on line 59
[29-Nov-2017 04:01:51 UTC] PHP Stack trace:
[29-Nov-2017 04:01:51 UTC] PHP   1. {main}() /home/ubuntu/workspace/ajax/ajaxwishlist.php:0
[29-Nov-2017 04:01:51 UTC] PHP   2. WishList->addItem() /home/ubuntu/workspace/ajax/ajaxwishlist.php:27
[29-Nov-2017 04:01:58 UTC] PHP Fatal error:  Call to a member function bind_param() on a non-object in /home/ubuntu/workspace/classes/wishlist.class.php on line 59
[29-Nov-2017 04:01:58 UTC] PHP Stack trace:
[29-Nov-2017 04:01:58 UTC] PHP   1. {main}() /home/ubuntu/workspace/ajax/ajaxwishlist.php:0
[29-Nov-2017 04:01:58 UTC] PHP   2. WishList->addItem() /home/ubuntu/workspace/ajax/ajaxwishlist.php:27
[29-Nov-2017 04:02:04 UTC] PHP Fatal error:  Call to a member function bind_param() on a non-object in /home/ubuntu/workspace/classes/wishlist.class.php on line 59
[29-Nov-2017 04:02:04 UTC] PHP Stack trace:
[29-Nov-2017 04:02:04 UTC] PHP   1. {main}() /home/ubuntu/workspace/ajax/ajaxwishlist.php:0
[29-Nov-2017 04:02:04 UTC] PHP   2. WishList->addItem() /home/ubuntu/workspace/ajax/ajaxwishlist.php:27
[29-Nov-2017 04:03:56 UTC] PHP Fatal error:  Call to a member function bind_param() on a non-object in /home/ubuntu/workspace/classes/wishlist.class.php on line 59
[29-Nov-2017 04:03:56 UTC] PHP Stack trace:
[29-Nov-2017 04:03:56 UTC] PHP   1. {main}() /home/ubuntu/workspace/ajax/ajaxwishlist.php:0
[29-Nov-2017 04:03:56 UTC] PHP   2. WishList->addItem() /home/ubuntu/workspace/ajax/ajaxwishlist.php:27
[29-Nov-2017 04:06:16 UTC] PHP Fatal error:  Call to a member function bind_param() on a non-object in /home/ubuntu/workspace/classes/wishlist.class.php on line 59
[29-Nov-2017 04:06:16 UTC] PHP Stack trace:
[29-Nov-2017 04:06:16 UTC] PHP   1. {main}() /home/ubuntu/workspace/ajax/ajaxwishlist.php:0
[29-Nov-2017 04:06:16 UTC] PHP   2. WishList->addItem() /home/ubuntu/workspace/ajax/ajaxwishlist.php:27
[29-Nov-2017 04:07:17 UTC] PHP Fatal error:  Call to a member function bind_param() on a non-object in /home/ubuntu/workspace/classes/wishlist.class.php on line 59
[29-Nov-2017 04:07:17 UTC] PHP Stack trace:
[29-Nov-2017 04:07:17 UTC] PHP   1. {main}() /home/ubuntu/workspace/ajax/ajaxwishlist.php:0
[29-Nov-2017 04:07:17 UTC] PHP   2. WishList->addItem() /home/ubuntu/workspace/ajax/ajaxwishlist.php:27
[29-Nov-2017 04:07:48 UTC] PHP Fatal error:  Call to a member function bind_param() on a non-object in /home/ubuntu/workspace/classes/wishlist.class.php on line 59
[29-Nov-2017 04:07:48 UTC] PHP Stack trace:
[29-Nov-2017 04:07:48 UTC] PHP   1. {main}() /home/ubuntu/workspace/ajax/ajaxwishlist.php:0
[29-Nov-2017 04:07:48 UTC] PHP   2. WishList->addItem() /home/ubuntu/workspace/ajax/ajaxwishlist.php:27
[29-Nov-2017 04:07:58 UTC] PHP Fatal error:  Call to a member function bind_param() on a non-object in /home/ubuntu/workspace/classes/wishlist.class.php on line 59
[29-Nov-2017 04:07:58 UTC] PHP Stack trace:
[29-Nov-2017 04:07:58 UTC] PHP   1. {main}() /home/ubuntu/workspace/ajax/ajaxwishlist.php:0
[29-Nov-2017 04:07:58 UTC] PHP   2. WishList->addItem() /home/ubuntu/workspace/ajax/ajaxwishlist.php:27
[29-Nov-2017 04:11:11 UTC] PHP Fatal error:  Call to a member function bind_param() on a non-object in /home/ubuntu/workspace/classes/wishlist.class.php on line 73
[29-Nov-2017 04:11:11 UTC] PHP Stack trace:
[29-Nov-2017 04:11:11 UTC] PHP   1. {main}() /home/ubuntu/workspace/ajax/ajaxwishlist.php:0
[29-Nov-2017 04:11:11 UTC] PHP   2. WishList->removeItem() /home/ubuntu/workspace/ajax/ajaxwishlist.php:20
[29-Nov-2017 04:12:09 UTC] PHP Fatal error:  Call to a member function bind_param() on a non-object in /home/ubuntu/workspace/classes/wishlist.class.php on line 73
[29-Nov-2017 04:12:09 UTC] PHP Stack trace:
[29-Nov-2017 04:12:09 UTC] PHP   1. {main}() /home/ubuntu/workspace/ajax/ajaxwishlist.php:0
[29-Nov-2017 04:12:09 UTC] PHP   2. WishList->removeItem() /home/ubuntu/workspace/ajax/ajaxwishlist.php:20
[29-Nov-2017 04:19:08 UTC] PHP Fatal error:  Call to a member function bind_param() on a non-object in /home/ubuntu/workspace/classes/wishlist.class.php on line 59
[29-Nov-2017 04:19:08 UTC] PHP Stack trace:
[29-Nov-2017 04:19:08 UTC] PHP   1. {main}() /home/ubuntu/workspace/ajax/ajaxwishlist.php:0
[29-Nov-2017 04:19:08 UTC] PHP   2. WishList->addItem() /home/ubuntu/workspace/ajax/ajaxwishlist.php:27
[29-Nov-2017 04:19:10 UTC] PHP Fatal error:  Call to a member function bind_param() on a non-object in /home/ubuntu/workspace/classes/wishlist.class.php on line 59
[29-Nov-2017 04:19:10 UTC] PHP Stack trace:
[29-Nov-2017 04:19:10 UTC] PHP   1. {main}() /home/ubuntu/workspace/ajax/ajaxwishlist.php:0
[29-Nov-2017 04:19:10 UTC] PHP   2. WishList->addItem() /home/ubuntu/workspace/ajax/ajaxwishlist.php:27
[29-Nov-2017 04:22:06 UTC] PHP Fatal error:  Call to a member function bind_param() on a non-object in /home/ubuntu/workspace/classes/wishlist.class.php on line 59
[29-Nov-2017 04:22:06 UTC] PHP Stack trace:
[29-Nov-2017 04:22:06 UTC] PHP   1. {main}() /home/ubuntu/workspace/ajax/ajaxwishlist.php:0
[29-Nov-2017 04:22:06 UTC] PHP   2. WishList->addItem() /home/ubuntu/workspace/ajax/ajaxwishlist.php:27
[29-Nov-2017 04:23:35 UTC] PHP Fatal error:  Call to a member function bind_param() on a non-object in /home/ubuntu/workspace/classes/wishlist.class.php on line 59
[29-Nov-2017 04:23:35 UTC] PHP Stack trace:
[29-Nov-2017 04:23:35 UTC] PHP   1. {main}() /home/ubuntu/workspace/ajax/ajaxwishlist.php:0
[29-Nov-2017 04:23:35 UTC] PHP   2. WishList->addItem() /home/ubuntu/workspace/ajax/ajaxwishlist.php:27
[29-Nov-2017 04:24:12 UTC] PHP Fatal error:  Call to a member function bind_param() on a non-object in /home/ubuntu/workspace/classes/wishlist.class.php on line 73
[29-Nov-2017 04:24:12 UTC] PHP Stack trace:
[29-Nov-2017 04:24:12 UTC] PHP   1. {main}() /home/ubuntu/workspace/ajax/ajaxwishlist.php:0
[29-Nov-2017 04:24:12 UTC] PHP   2. WishList->removeItem() /home/ubuntu/workspace/ajax/ajaxwishlist.php:20
[29-Nov-2017 04:28:52 UTC] PHP Fatal error:  Call to a member function bind_param() on a non-object in /home/ubuntu/workspace/classes/wishlist.class.php on line 59
[29-Nov-2017 04:28:52 UTC] PHP Stack trace:
[29-Nov-2017 04:28:52 UTC] PHP   1. {main}() /home/ubuntu/workspace/ajax/ajaxwishlist.php:0
[29-Nov-2017 04:28:52 UTC] PHP   2. WishList->addItem() /home/ubuntu/workspace/ajax/ajaxwishlist.php:27
[29-Nov-2017 04:29:06 UTC] PHP Fatal error:  Call to a member function bind_param() on a non-object in /home/ubuntu/workspace/classes/wishlist.class.php on line 59
[29-Nov-2017 04:29:06 UTC] PHP Stack trace:
[29-Nov-2017 04:29:06 UTC] PHP   1. {main}() /home/ubuntu/workspace/ajax/ajaxwishlist.php:0
[29-Nov-2017 04:29:06 UTC] PHP   2. WishList->addItem() /home/ubuntu/workspace/ajax/ajaxwishlist.php:27
[06-Dec-2017 04:05:13 UTC] PHP Fatal error:  Call to undefined method Account::getAccountId() in /home/ubuntu/workspace/ajax/ajaxlogin.php on line 19
[06-Dec-2017 04:05:13 UTC] PHP Stack trace:
[06-Dec-2017 04:05:13 UTC] PHP   1. {main}() /home/ubuntu/workspace/ajax/ajaxlogin.php:0
[06-Dec-2017 04:07:13 UTC] PHP Fatal error:  Call to undefined method Account::getAccountId() in /home/ubuntu/workspace/ajax/ajaxlogin.php on line 19
[06-Dec-2017 04:07:13 UTC] PHP Stack trace:
[06-Dec-2017 04:07:13 UTC] PHP   1. {main}() /home/ubuntu/workspace/ajax/ajaxlogin.php:0
[06-Dec-2017 04:09:14 UTC] PHP Fatal error:  Call to undefined method Account::getAccountId() in /home/ubuntu/workspace/ajax/ajaxlogin.php on line 19
[06-Dec-2017 04:09:14 UTC] PHP Stack trace:
[06-Dec-2017 04:09:14 UTC] PHP   1. {main}() /home/ubuntu/workspace/ajax/ajaxlogin.php:0
[06-Dec-2017 04:16:14 UTC] PHP Fatal error:  Call to undefined method Account::getAccountId() in /home/ubuntu/workspace/ajax/ajaxlogin.php on line 19
[06-Dec-2017 04:16:14 UTC] PHP Stack trace:
[06-Dec-2017 04:16:14 UTC] PHP   1. {main}() /home/ubuntu/workspace/ajax/ajaxlogin.php:0
[06-Dec-2017 04:24:12 UTC] PHP Fatal error:  Call to undefined method Account::getAccountId() in /home/ubuntu/workspace/ajax/ajaxlogin.php on line 19
[06-Dec-2017 04:24:12 UTC] PHP Stack trace:
[06-Dec-2017 04:24:12 UTC] PHP   1. {main}() /home/ubuntu/workspace/ajax/ajaxlogin.php:0
[06-Dec-2017 05:27:19 UTC] PHP Fatal error:  Call to a member function bind_param() on a non-object in /home/ubuntu/workspace/classes/account.php on line 87
[06-Dec-2017 05:27:19 UTC] PHP Stack trace:
[06-Dec-2017 05:27:19 UTC] PHP   1. {main}() /home/ubuntu/workspace/ajax/ajaxlogin.php:0
[06-Dec-2017 05:27:19 UTC] PHP   2. Account->authenticate() /home/ubuntu/workspace/ajax/ajaxlogin.php:15
[06-Dec-2017 05:27:29 UTC] PHP Fatal error:  Call to a member function bind_param() on a non-object in /home/ubuntu/workspace/classes/account.php on line 87
[06-Dec-2017 05:27:29 UTC] PHP Stack trace:
[06-Dec-2017 05:27:29 UTC] PHP   1. {main}() /home/ubuntu/workspace/ajax/ajaxlogin.php:0
[06-Dec-2017 05:27:29 UTC] PHP   2. Account->authenticate() /home/ubuntu/workspace/ajax/ajaxlogin.php:15
